<?xml version="1.0" encoding="UTF-8"?>
<!-- Generated by org.testng.reporters.JUnitReportReporter -->
<testsuite hostname="Navin" failures="0" tests="2" name="com.primesoft.runner.TestRunner" time="11.279" errors="0" timestamp="2023-05-06T21:48:49 IST" skipped="0">
  <testcase classname="com.primesoft.runner.TestRunner" name="watchMovies" time="10.211"/>
  <system-out/>
  <testcase classname="com.primesoft.runner.TestRunner" name="searchMovies" time="1.068"/>
  <system-out/>
</testsuite> <!-- com.primesoft.runner.TestRunner -->
